[    0.000000] Initializing cgroup subsys cpuset
[    0.000000] Initializing cgroup subsys cpu
[    0.000000] Initializing cgroup subsys cpuacct
[    0.000000] Linux version 4.4.0-165-generic (buildd@lgw01-amd64-027) (gcc version 5.4.0 20160609 (Ubuntu 5.4.0-6ubuntu1~16.04.10) ) #193-Ubuntu SMP Tue Sep 17 17:42:52 UTC 2019 (Ubuntu 4.4.0-165.193-generic 4.4.189)
[    0.000000] Command line: BOOT_IMAGE=/boot/vmlinuz-4.4.0-165-generic root=LABEL=cloudimg-rootfs ro console=tty1 console=ttyS0
[    0.000000] KERNEL supported cpus:
[    0.000000]   Intel GenuineIntel
[    0.000000]   AMD AuthenticAMD
[    0.000000]   Centaur CentaurHauls
[    0.000000] x86/fpu: xstate_offset[2]:  576, xstate_sizes[2]:  256
[    0.000000] x86/fpu: Supporting XSAVE feature 0x01: 'x87 floating point registers'
[    0.000000] x86/fpu: Supporting XSAVE feature 0x02: 'SSE registers'
[    0.000000] x86/fpu: Supporting XSAVE feature 0x04: 'AVX registers'
[    0.000000] x86/fpu: Enabled xstate features 0x7, context size is 832 bytes, using 'standard' format.
[    0.000000] e820: BIOS-provided physical RAM map:
[    0.000000] BIOS-e820: [mem 0x0000000000000000-0x000000000009fbff] usable
[    0.000000] BIOS-e820: [mem 0x000000000009fc00-0x000000000009ffff] reserved
[    0.000000] BIOS-e820: [mem 0x00000000000f0000-0x00000000000fffff] reserved
[    0.000000] BIOS-e820: [mem 0x0000000000100000-0x000000003ffeffff] usable
[    0.000000] BIOS-e820: [mem 0x000000003fff0000-0x000000003fffffff] ACPI data
[    0.000000] BIOS-e820: [mem 0x00000000fec00000-0x00000000fec00fff] reserved
[    0.000000] BIOS-e820: [mem 0x00000000fee00000-0x00000000fee00fff] reserved
[    0.000000] BIOS-e820: [mem 0x00000000fffc0000-0x00000000ffffffff] reserved
[    0.000000] NX (Execute Disable) protection: active
[    0.000000] SMBIOS 2.5 present.
[    0.000000] Hypervisor detected: KVM
[    0.000000] e820: last_pfn = 0x3fff0 max_arch_pfn = 0x400000000
[    0.000000] MTRR: Disabled
[    0.000000] x86/PAT: MTRRs disabled, skipping PAT initialization too.
[    0.000000] CPU MTRRs all blank - virtualized system.
[    0.000000] x86/PAT: Configuration [0-7]: WB  WT  UC- UC  WB  WT  UC- UC  
[    0.000000] found SMP MP-table at [mem 0x0009fff0-0x0009ffff] mapped at [ffff88000009fff0]
[    0.000000] Scanning 1 areas for low memory corruption
[    0.000000] RAMDISK: [mem 0x361e2000-0x370e8fff]
[    0.000000] ACPI: Early table checksum verification disabled
[    0.000000] ACPI: RSDP 0x00000000000E0000 000024 (v02 VBOX  )
[    0.000000] ACPI: XSDT 0x000000003FFF0030 00003C (v01 VBOX   VBOXXSDT 00000001 ASL  00000061)
[    0.000000] ACPI: FACP 0x000000003FFF00F0 0000F4 (v04 VBOX   VBOXFACP 00000001 ASL  00000061)
[    0.000000] ACPI: DSDT 0x000000003FFF0470 0022EA (v02 VBOX   VBOXBIOS 00000002 INTL 20100528)
[    0.000000] ACPI: FACS 0x000000003FFF0200 000040
[    0.000000] ACPI: FACS 0x000000003FFF0200 000040
[    0.000000] ACPI: APIC 0x000000003FFF0240 00005C (v02 VBOX   VBOXAPIC 00000001 ASL  00000061)
[    0.000000] ACPI: SSDT 0x000000003FFF02A0 0001CC (v01 VBOX   VBOXCPUT 00000002 INTL 20100528)
[    0.000000] No NUMA configuration found
[    0.000000] Faking a node at [mem 0x0000000000000000-0x000000003ffeffff]
[    0.000000] NODE_DATA(0) allocated [mem 0x3ffeb000-0x3ffeffff]
[    0.000000] kvm-clock: Using msrs 4b564d01 and 4b564d00
[    0.000000] kvm-clock: cpu 0, msr 0:3ffe3001, primary cpu clock
[    0.000000] kvm-clock: using sched offset of 3996913557 cycles
[    0.000000] clocksource: kvm-clock: mask: 0xffffffffffffffff max_cycles: 0x1cd42e4dffb, max_idle_ns: 881590591483 ns
[    0.000000] Zone ranges:
[    0.000000]   DMA      [mem 0x0000000000001000-0x0000000000ffffff]
[    0.000000]   DMA32    [mem 0x0000000001000000-0x000000003ffeffff]
[    0.000000]   Normal   empty
[    0.000000]   Device   empty
[    0.000000] Movable zone start for each node
[    0.000000] Early memory node ranges
[    0.000000]   node   0: [mem 0x0000000000001000-0x000000000009efff]
[    0.000000]   node   0: [mem 0x0000000000100000-0x000000003ffeffff]
[    0.000000] Initmem setup node 0 [mem 0x0000000000001000-0x000000003ffeffff]
[    0.000000] ACPI: PM-Timer IO Port: 0x4008
[    0.000000] IOAPIC[0]: apic_id 2, version 32, address 0xfec00000, GSI 0-23
[    0.000000] ACPI: INT_SRC_OVR (bus 0 bus_irq 0 global_irq 2 dfl dfl)
[    0.000000] ACPI: INT_SRC_OVR (bus 0 bus_irq 9 global_irq 9 low level)
[    0.000000] Using ACPI (MADT) for SMP configuration information
[    0.000000] smpboot: Allowing 2 CPUs, 0 hotplug CPUs
[    0.000000] PM: Registered nosave memory: [mem 0x00000000-0x00000fff]
[    0.000000] PM: Registered nosave memory: [mem 0x0009f000-0x0009ffff]
[    0.000000] PM: Registered nosave memory: [mem 0x000a0000-0x000effff]
[    0.000000] PM: Registered nosave memory: [mem 0x000f0000-0x000fffff]
[    0.000000] e820: [mem 0x40000000-0xfebfffff] available for PCI devices
[    0.000000] Booting paravirtualized kernel on KVM
[    0.000000] clocksource: refined-jiffies: mask: 0xffffffff max_cycles: 0xffffffff, max_idle_ns: 7645519600211568 ns
[    0.000000] setup_percpu: NR_CPUS:512 nr_cpumask_bits:512 nr_cpu_ids:2 nr_node_ids:1
[    0.000000] PERCPU: Embedded 34 pages/cpu @ffff88003fc00000 s99544 r8192 d31528 u1048576
[    0.000000] Built 1 zonelists in Node order, mobility grouping on.  Total pages: 257912
[    0.000000] Policy zone: DMA32
[    0.000000] Kernel command line: BOOT_IMAGE=/boot/vmlinuz-4.4.0-165-generic root=LABEL=cloudimg-rootfs ro console=tty1 console=ttyS0
[    0.000000] PID hash table entries: 4096 (order: 3, 32768 bytes)
[    0.000000] Memory: 997172K/1048120K available (8621K kernel code, 1335K rwdata, 4032K rodata, 1484K init, 1284K bss, 50948K reserved, 0K cma-reserved)
[    0.000000] SLUB: HWalign=64, Order=0-3, MinObjects=0, CPUs=2, Nodes=1
[    0.000000] Kernel/User page tables isolation: enabled
[    0.000000] Hierarchical RCU implementation.
[    0.000000] 	Build-time adjustment of leaf fanout to 64.
[    0.000000] 	RCU restricting CPUs from NR_CPUS=512 to nr_cpu_ids=2.
[    0.000000] RCU: Adjusting geometry for rcu_fanout_leaf=64, nr_cpu_ids=2
[    0.000000] NR_IRQS:33024 nr_irqs:440 16
[    0.000000] Console: colour VGA+ 80x25
[    0.000000] console [tty1] enabled
[    0.000000] console [ttyS0] enabled
[    0.000000] tsc: Detected 2712.000 MHz processor
[    0.249638] Calibrating delay loop (skipped) preset value.. 5424.00 BogoMIPS (lpj=10848000)
[    0.252035] pid_max: default: 32768 minimum: 301
[    0.253349] ACPI: Core revision 20150930
[    0.257069] ACPI: 2 ACPI AML tables successfully acquired and loaded
[    0.258943] Security Framework initialized
[    0.260132] Yama: becoming mindful.
[    0.261409] AppArmor: AppArmor initialized
[    0.262793] Dentry cache hash table entries: 131072 (order: 8, 1048576 bytes)
[    0.270858] Inode-cache hash table entries: 65536 (order: 7, 524288 bytes)
[    0.273536] Mount-cache hash table entries: 2048 (order: 2, 16384 bytes)
[    0.275610] Mountpoint-cache hash table entries: 2048 (order: 2, 16384 bytes)
[    0.277907] Initializing cgroup subsys io
[    0.279468] Initializing cgroup subsys memory
[    0.280811] Initializing cgroup subsys devices
[    0.282315] Initializing cgroup subsys freezer
[    0.283587] Initializing cgroup subsys net_cls
[    0.285025] Initializing cgroup subsys perf_event
[    0.286646] Initializing cgroup subsys net_prio
[    0.287977] Initializing cgroup subsys hugetlb
[    0.289620] Initializing cgroup subsys pids
[    0.293062] mce: CPU supports 0 MCE banks
[    0.294552] Last level iTLB entries: 4KB 64, 2MB 8, 4MB 8
[    0.295949] Last level dTLB entries: 4KB 64, 2MB 0, 4MB 0, 1GB 4
[    0.298381] Spectre V1 : Mitigation: usercopy/swapgs barriers and __user pointer sanitization
[    0.302171] Spectre V2 : Mitigation: Full generic retpoline
[    0.304810] Spectre V2 : Spectre v2 / SpectreRSB mitigation: Filling RSB on context switch
[    0.308098] Speculative Store Bypass: Vulnerable
[    0.310151] MDS: Vulnerable: Clear CPU buffers attempted, no microcode
[    0.317177] Freeing SMP alternatives memory: 36K
[    0.331368] ftrace: allocating 32318 entries in 127 pages
[    0.457982] smpboot: APIC(0) Converting physical 0 to logical package 0
[    0.460135] smpboot: Max logical packages: 1
[    0.462696] x2apic enabled
[    0.464524] Switched APIC routing to physical x2apic.
[    0.469465] ..TIMER: vector=0x30 apic1=0 pin1=2 apic2=-1 pin2=-1
[    0.577409] APIC calibration not consistent with PM-Timer: 98ms instead of 100ms
[    0.580548] APIC delta adjusted to PM-Timer: 6243428 (6152626)
[    0.582782] smpboot: CPU0: Intel(R) Core(TM) i5-7200U CPU @ 2.50GHz (family: 0x6, model: 0x8e, stepping: 0x9)
[    0.587754] Performance Events: unsupported p6 CPU model 142 no PMU driver, software events only.
[    0.608980] KVM setup paravirtual spinlock
[    0.611676] x86: Booting SMP configuration:
[    0.613315] .... node  #0, CPUs:      #1
[    0.614951] kvm-clock: cpu 1, msr 0:3ffe3041, secondary cpu clock
[    0.617946] mce: CPU supports 0 MCE banks
[    0.621414] x86: Booted up 1 node, 2 CPUs
[    0.623875] smpboot: Total of 2 processors activated (10848.00 BogoMIPS)
[    0.626971] devtmpfs: initialized
[    0.631280] evm: security.selinux
[    0.632439] evm: security.SMACK64
[    0.633767] evm: security.SMACK64EXEC
[    0.635078] evm: security.SMACK64TRANSMUTE
[    0.636276] evm: security.SMACK64MMAP
[    0.638167] evm: security.ima
[    0.639252] evm: security.capability
[    0.640712] clocksource: jiffies: mask: 0xffffffff max_cycles: 0xffffffff, max_idle_ns: 7645041785100000 ns
[    0.643348] futex hash table entries: 512 (order: 3, 32768 bytes)
[    0.645754] pinctrl core: initialized pinctrl subsystem
[    0.647660] RTC time: 16:04:52, date: 10/15/19
[    0.649464] NET: Registered protocol family 16
[    0.661132] cpuidle: using governor ladder
[    0.676290] cpuidle: using governor menu
[    0.678621] PCCT header not found.
[    0.680962] ACPI: bus type PCI registered
[    0.683265] acpiphp: ACPI Hot Plug PCI Controller Driver version: 0.5
[    0.686636] PCI: Using configuration type 1 for base access
[    0.706729] ACPI: Added _OSI(Module Device)
[    0.708776] ACPI: Added _OSI(Processor Device)
[    0.710680] ACPI: Added _OSI(3.0 _SCP Extensions)
[    0.712954] ACPI: Added _OSI(Processor Aggregator Device)
[    0.716795] ACPI: Executed 1 blocks of module-level executable AML code
[    0.723258] ACPI: Interpreter enabled
[    0.724958] ACPI: (supports S0 S5)
[    0.726789] ACPI: Using IOAPIC for interrupt routing
[    0.729337] PCI: Using host bridge windows from ACPI; if necessary, use "pci=nocrs" and report a bug
[    0.743816] ACPI: PCI Root Bridge [PCI0] (domain 0000 [bus 00-ff])
[    0.747251] acpi PNP0A03:00: _OSC: OS supports [ASPM ClockPM Segments MSI]
[    0.750860] acpi PNP0A03:00: _OSC: not requesting OS control; OS requires [ExtendedConfig ASPM ClockPM MSI]
[    0.755785] acpi PNP0A03:00: fail to add MMCONFIG information, can't access extended PCI configuration space under this bridge.
[    0.760420] PCI host bridge to bus 0000:00
[    0.762057] pci_bus 0000:00: root bus resource [io  0x0000-0x0cf7 window]
[    0.764538] pci_bus 0000:00: root bus resource [io  0x0d00-0xffff window]
[    0.766684] pci_bus 0000:00: root bus resource [mem 0x000a0000-0x000bffff window]
[    0.769629] pci_bus 0000:00: root bus resource [mem 0x40000000-0xfdffffff window]
[    0.772447] pci_bus 0000:00: root bus resource [bus 00-ff]
[    0.777540] pci 0000:00:01.1: legacy IDE quirk: reg 0x10: [io  0x01f0-0x01f7]
[    0.803011] pci 0000:00:01.1: legacy IDE quirk: reg 0x14: [io  0x03f6]
[    0.805674] pci 0000:00:01.1: legacy IDE quirk: reg 0x18: [io  0x0170-0x0177]
[    0.809325] pci 0000:00:01.1: legacy IDE quirk: reg 0x1c: [io  0x0376]
[    0.847002] pci 0000:00:07.0: quirk: [io  0x4000-0x403f] claimed by PIIX4 ACPI
[    0.849761] pci 0000:00:07.0: quirk: [io  0x4100-0x410f] claimed by PIIX4 SMB
[    0.870649] ACPI: PCI Interrupt Link [LNKA] (IRQs 5 9 10 *11)
[    0.872773] ACPI: PCI Interrupt Link [LNKB] (IRQs 5 9 *10 11)
[    0.874682] ACPI: PCI Interrupt Link [LNKC] (IRQs 5 *9 10 11)
[    0.876712] ACPI: PCI Interrupt Link [LNKD] (IRQs 5 9 10 *11)
[    0.878666] ACPI: Enabled 2 GPEs in block 00 to 07
[    0.880374] vgaarb: setting as boot device: PCI:0000:00:02.0
[    0.882090] vgaarb: device added: PCI:0000:00:02.0,decodes=io+mem,owns=io+mem,locks=none
[    0.885955] vgaarb: loaded
[    0.887153] vgaarb: bridge control possible 0000:00:02.0
[    0.889583] SCSI subsystem initialized
[    0.891155] ACPI: bus type USB registered
[    0.892520] usbcore: registered new interface driver usbfs
[    0.894185] usbcore: registered new interface driver hub
[    0.895871] usbcore: registered new device driver usb
[    0.897703] PCI: Using ACPI for IRQ routing
[    0.899368] NetLabel: Initializing
[    0.900372] NetLabel:  domain hash size = 128
[    0.901586] NetLabel:  protocols = UNLABELED CIPSOv4
[    0.906968] NetLabel:  unlabeled traffic allowed by default
[    0.908649] amd_nb: Cannot enumerate AMD northbridges
[    0.910166] clocksource: Switched to clocksource kvm-clock
[    0.931949] AppArmor: AppArmor Filesystem Enabled
[    0.933720] pnp: PnP ACPI init
[    0.936574] pnp: PnP ACPI: found 3 devices
[    0.959816] clocksource: acpi_pm: mask: 0xffffff max_cycles: 0xffffff, max_idle_ns: 2085701024 ns
[    0.963199] NET: Registered protocol family 2
[    0.965129] TCP established hash table entries: 8192 (order: 4, 65536 bytes)
[    0.968446] TCP bind hash table entries: 8192 (order: 5, 131072 bytes)
[    0.971533] TCP: Hash tables configured (established 8192 bind 8192)
[    0.974558] UDP hash table entries: 512 (order: 2, 16384 bytes)
[    0.977228] UDP-Lite hash table entries: 512 (order: 2, 16384 bytes)
[    0.979947] NET: Registered protocol family 1
[    0.981969] pci 0000:00:00.0: Limiting direct PCI/PCI transfers
[    0.984036] pci 0000:00:01.0: Activating ISA DMA hang workarounds
[    0.986309] Unpacking initramfs...
[    1.468944] Freeing initrd memory: 15388K
[    1.470643] clocksource: tsc: mask: 0xffffffffffffffff max_cycles: 0x2717868ea45, max_idle_ns: 440795316085 ns
[    1.474143] platform rtc_cmos: registered platform RTC device (no PNP device found)
[    1.477077] Scanning for low memory corruption every 60 seconds
[    1.479200] audit: initializing netlink subsys (disabled)
[    1.480890] audit: type=2000 audit(1571155498.662:1): initialized
[    1.482952] Initialise system trusted keyring
[    1.484997] HugeTLB registered 2 MB page size, pre-allocated 0 pages
[    1.489745] zbud: loaded
[    1.491515] VFS: Disk quotas dquot_6.6.0
[    1.492880] VFS: Dquot-cache hash table entries: 512 (order 0, 4096 bytes)
[    1.495182] squashfs: version 4.0 (2009/01/31) Phillip Lougher
[    1.497208] fuse init (API version 7.23)
[    1.498469] Key type big_key registered
[    1.499711] Allocating IMA MOK and blacklist keyrings.
[    1.505738] Key type asymmetric registered
[    1.507296] Asymmetric key parser 'x509' registered
[    1.509279] Block layer SCSI generic (bsg) driver version 0.4 loaded (major 249)
[    1.512383] io scheduler noop registered
[    1.513869] io scheduler deadline registered (default)
[    1.516139] io scheduler cfq registered
[    1.518161] pci_hotplug: PCI Hot Plug PCI Core version: 0.5
[    1.520295] pciehp: PCI Express Hot Plug Controller Driver version: 0.4
[    1.522685] ACPI: AC Adapter [AC] (off-line)
[    1.524541] input: Power Button as /devices/LNXSYSTM:00/LNXPWRBN:00/input/input0
[    1.527503] ACPI: Power Button [PWRF]
[    1.529116] input: Sleep Button as /devices/LNXSYSTM:00/LNXSLPBN:00/input/input1
[    1.531944] ACPI: Sleep Button [SLPF]
[    1.533697] GHES: HEST is not enabled!
[    1.535328] ACPI: Battery Slot [BAT0] (battery present)
[    1.535373] Serial: 8250/16550 driver, 32 ports, IRQ sharing enabled
[    1.557531] 00:02: ttyS0 at I/O 0x3f8 (irq = 4, base_baud = 115200) is a 16550A
[    1.560813] Linux agpgart interface v0.103
[    1.570941] loop: module loaded
[    1.573171] scsi host0: ata_piix
[    1.574647] scsi host1: ata_piix
[    1.575948] ata1: PATA max UDMA/33 cmd 0x1f0 ctl 0x3f6 bmdma 0xd000 irq 14
[    1.577908] ata2: PATA max UDMA/33 cmd 0x170 ctl 0x376 bmdma 0xd008 irq 15
[    1.579829] libphy: Fixed MDIO Bus: probed
[    1.581252] tun: Universal TUN/TAP device driver, 1.6
[    1.582546] tun: (C) 1999-2004 Max Krasnyansky <maxk@qualcomm.com>
[    1.584351] PPP generic driver version 2.4.2
[    1.585697] ehci_hcd: USB 2.0 'Enhanced' Host Controller (EHCI) Driver
[    1.587218] ehci-pci: EHCI PCI platform driver
[    1.588414] ehci-platform: EHCI generic platform driver
[    1.589787] ohci_hcd: USB 1.1 'Open' Host Controller (OHCI) Driver
[    1.591436] ohci-pci: OHCI PCI platform driver
[    1.592673] ohci-platform: OHCI generic platform driver
[    1.594146] uhci_hcd: USB Universal Host Controller Interface driver
[    1.596017] i8042: PNP: PS/2 Controller [PNP0303:PS2K,PNP0f03:PS2M] at 0x60,0x64 irq 1,12
[    1.598943] serio: i8042 KBD port at 0x60,0x64 irq 1
[    1.600279] serio: i8042 AUX port at 0x60,0x64 irq 12
[    1.601799] mousedev: PS/2 mouse device common for all mice
[    1.603863] rtc_cmos rtc_cmos: rtc core: registered rtc_cmos as rtc0
[    1.605579] input: AT Translated Set 2 keyboard as /devices/platform/i8042/serio0/input/input2
[    1.608168] rtc_cmos rtc_cmos: alarms up to one day, 114 bytes nvram
[    1.609864] i2c /dev entries driver
[    1.611136] device-mapper: uevent: version 1.0.3
[    1.612858] device-mapper: ioctl: 4.34.0-ioctl (2015-10-28) initialised: dm-devel@redhat.com
[    1.615285] ledtrig-cpu: registered to indicate activity on CPUs
[    1.618173] NET: Registered protocol family 10
[    1.620003] NET: Registered protocol family 17
[    1.621433] Key type dns_resolver registered
[    1.623448] registered taskstats version 1
[    1.624787] Loading compiled-in X.509 certificates
[    1.626904] Loaded X.509 cert 'Build time autogenerated kernel key: 0ed82eac04367aa6426493b1389455ebf6830eaa'
[    1.630091] zswap: loaded using pool lzo/zbud
[    1.634815] Key type trusted registered
[    1.643750] Key type encrypted registered
[    1.645297] AppArmor: AppArmor sha1 policy hashing enabled
[    1.647149] ima: No TPM chip found, activating TPM-bypass!
[    1.649102] ima: Allocated hash algorithm: sha1
[    1.650736] evm: HMAC attrs: 0x1
[    1.653519]   Magic number: 7:362:85
[    1.655129] rtc_cmos rtc_cmos: setting system clock to 2019-10-15 16:04:53 UTC (1571155493)
[    1.658682] BIOS EDD facility v0.16 2004-Jun-25, 0 devices found
[    1.660619] EDD information not available.
[    1.738154] Freeing unused kernel memory: 1484K
[    1.742102] Write protecting the kernel read-only data: 14336k
[    1.749213] Freeing unused kernel memory: 1608K
[    1.755241] Freeing unused kernel memory: 64K
Loading, please wait...
starting version 229
[    1.795214] random: systemd-udevd: uninitialized urandom read (16 bytes read, 3 bits of entropy available)
[    1.797552] random: udevadm: uninitialized urandom read (16 bytes read, 3 bits of entropy available)
[    1.797616] random: udevadm: uninitialized urandom read (16 bytes read, 3 bits of entropy available)
[    1.814963] random: systemd-udevd: uninitialized urandom read (16 bytes read, 3 bits of entropy available)
[    1.820434] random: systemd-udevd: uninitialized urandom read (16 bytes read, 3 bits of entropy available)
[    1.823004] random: udevadm: uninitialized urandom read (16 bytes read, 3 bits of entropy available)
[    1.823071] random: udevadm: uninitialized urandom read (16 bytes read, 3 bits of entropy available)
[    1.823316] random: udevadm: uninitialized urandom read (16 bytes read, 3 bits of entropy available)
[    1.823405] random: udevadm: uninitialized urandom read (16 bytes read, 3 bits of entropy available)
[    1.823498] random: udevadm: uninitialized urandom read (16 bytes read, 3 bits of entropy available)
[    1.903209] e1000: Intel(R) PRO/1000 Network Driver - version 7.3.21-k8-NAPI
[    1.906852] e1000: Copyright (c) 1999-2006 Intel Corporation.
[    1.911233] Fusion MPT base driver 3.04.20
[    1.916168] Copyright (c) 1999-2008 LSI Corporation
[    2.012001] Fusion MPT SPI Host driver 3.04.20
[    2.018334] AVX2 version of gcm_enc/dec engaged.
[    2.020232] AES CTR mode by8 optimization enabled
[    2.144301] input: ImExPS/2 Generic Explorer Mouse as /devices/platform/i8042/serio1/input/input4
[    2.444002] e1000 0000:00:03.0 eth0: (PCI:33MHz:32-bit) 02:0e:9b:2d:5b:92
[    2.448819] e1000 0000:00:03.0 eth0: Intel(R) PRO/1000 Network Connection
[    2.921172] e1000 0000:00:08.0 eth1: (PCI:33MHz:32-bit) 08:00:27:d8:a7:73
[    2.926471] e1000 0000:00:08.0 eth1: Intel(R) PRO/1000 Network Connection
[    2.935422] mptbase: ioc0: Initiating bringup
[    2.942434] e1000 0000:00:03.0 enp0s3: renamed from eth0
[    2.964912] e1000 0000:00:08.0 enp0s8: renamed from eth1
[    3.007560] ioc0: LSI53C1030 A0: Capabilities={Initiator}
[    3.176963] scsi host2: ioc0: LSI53C1030 A0, FwRev=00000000h, Ports=1, MaxQ=256, IRQ=20
[    3.292633] scsi 2:0:0:0: Direct-Access     VBOX     HARDDISK         1.0  PQ: 0 ANSI: 5
[    3.300161] scsi target2:0:0: Beginning Domain Validation
[    3.312578] scsi target2:0:0: Domain Validation skipping write tests
[    3.317862] scsi target2:0:0: Ending Domain Validation
[    3.321909] scsi target2:0:0: asynchronous
[    3.355989] scsi 2:0:1:0: Direct-Access     VBOX     HARDDISK         1.0  PQ: 0 ANSI: 5
[    3.359093] scsi target2:0:1: Beginning Domain Validation
[    3.364738] scsi target2:0:1: Domain Validation skipping write tests
[    3.367119] scsi target2:0:1: Ending Domain Validation
[    3.369496] scsi target2:0:1: asynchronous
[    3.385685] sd 2:0:0:0: [sda] 20971520 512-byte logical blocks: (10.7 GB/10.0 GiB)
[    3.385788] sd 2:0:0:0: Attached scsi generic sg0 type 0
[    3.386758] sd 2:0:1:0: [sdb] 20480 512-byte logical blocks: (10.5 MB/10.0 MiB)
[    3.387164] sd 2:0:1:0: [sdb] Write Protect is off
[    3.387381] sd 2:0:1:0: Attached scsi generic sg1 type 0
[    3.387448] sd 2:0:1:0: [sdb] Incomplete mode parameter data
[    3.387450] sd 2:0:1:0: [sdb] Assuming drive cache: write through
[    3.394725] sd 2:0:1:0: [sdb] Attached SCSI disk
[    3.404345] sd 2:0:0:0: [sda] Write Protect is off
[    3.406703] sd 2:0:0:0: [sda] Incomplete mode parameter data
[    3.408568] sd 2:0:0:0: [sda] Assuming drive cache: write through
[    3.412999]  sda: sda1
[    3.415646] sd 2:0:0:0: [sda] Attached SCSI disk
Begin: Loading essential drivers ... [    5.300233] md: linear personality registered for level -1
[    5.307379] md: multipath personality registered for level -4
[    5.313615] md: raid0 personality registered for level 0
[    5.320504] md: raid1 personality registered for level 1
[    5.394604] raid6: sse2x1   gen()  5800 MB/s
[    5.462319] raid6: sse2x1   xor()  3462 MB/s
[    5.530272] raid6: sse2x2   gen()  7052 MB/s
[    5.598259] raid6: sse2x2   xor()  4465 MB/s
[    5.666513] raid6: sse2x4   gen()  8899 MB/s
[    5.734284] raid6: sse2x4   xor()  5733 MB/s
[    5.802243] raid6: avx2x1   gen() 12269 MB/s
[    5.870216] raid6: avx2x2   gen() 13048 MB/s
[    5.938342] raid6: avx2x4   gen() 16639 MB/s
[    5.940101] raid6: using algorithm avx2x4 gen() 16639 MB/s
[    5.942022] raid6: using avx2x2 recovery algorithm
[    5.945573] xor: automatically using best checksumming function:
[    5.986228]    avx       : 18634.000 MB/sec
[    5.989503] async_tx: api initialized (async)
[    6.010248] md: raid6 personality registered for level 6
[    6.012013] md: raid5 personality registered for level 5
[    6.014790] md: raid4 personality registered for level 4
[    6.023798] md: raid10 personality registered for level 10
done.
Begin: Running /scripts/init-premount ... done.
Begin: Mounting root file system ... Begin: Running /scripts/local-top ... done.
Begin: Running /scripts/local-premount ... [    6.081197] Btrfs loaded
Scanning for Btrfs filesystems
done.
Warning: fsck not present, so skipping root file system
[    6.141511] EXT4-fs (sda1): mounted filesystem with ordered data mode. Opts: (null)
done.
Begin: Running /scripts/local-bottom ... done.
Begin: Running /scripts/init-bottom ... done.
[    6.348354] systemd[1]: systemd 229 running in system mode. (+PAM +AUDIT +SELINUX +IMA +APPARMOR +SMACK +SYSVINIT +UTMP +LIBCRYPTSETUP +GCRYPT +GNUTLS +ACL +XZ -LZ4 +SECCOMP +BLKID +ELFUTILS +KMOD -IDN)
[    6.354809] systemd[1]: Detected virtualization oracle.
[    6.356840] systemd[1]: Detected architecture x86-64.

Welcome to [1mUbuntu 16.04.6 LTS[0m!

[    6.363438] systemd[1]: Set hostname to <ubuntu-xenial>.
[    6.567462] systemd[1]: Configuration file /etc/systemd/system/mongod.service is marked executable. Please remove executable permission bits. Proceeding anyway.
[    6.584736] systemd[1]: Reached target User and Group Name Lookups.
[[0;32m  OK  [0m] Reached target User and Group Name Lookups.
[    6.589486] systemd[1]: Listening on Journal Socket (/dev/log).
[[0;32m  OK  [0m] Listening on Journal Socket (/dev/log).
[    6.598624] systemd[1]: Started Forward Password Requests to Wall Directory Watch.
[[0;32m  OK  [0m] Started Forward Password Requests to Wall Directory Watch.
[    6.605005] systemd[1]: Listening on /dev/initctl Compatibility Named Pipe.
[[0;32m  OK  [0m] Listening on /dev/initctl Compatibility Named Pipe.
[    6.607988] systemd[1]: Listening on Journal Socket.
[[0;32m  OK  [0m] Listening on Journal Socket.
[    6.610263] systemd[1]: Listening on udev Control Socket.
[[0;32m  OK  [0m] Listening on udev Control Socket.
[    6.614080] systemd[1]: Started Trigger resolvconf update for networkd DNS.
[[0;32m  OK  [0m] Started Trigger resolvconf update for networkd DNS.
[    6.627360] systemd[1]: Reached target Encrypted Volumes.
[[0;32m  OK  [0m] Reached target Encrypted Volumes.
[    6.631375] systemd[1]: Reached target Swap.
[[0;32m  OK  [0m] Reached target Swap.
[    6.634383] systemd[1]: Listening on udev Kernel Socket.
[[0;32m  OK  [0m] Listening on udev Kernel Socket.
[    6.643145] systemd[1]: Listening on Journal Audit Socket.
[[0;32m  OK  [0m] Listening on Journal Audit Socket.
[    6.654747] systemd[1]: Listening on Device-mapper event daemon FIFOs.
[[0;32m  OK  [0m] Listening on Device-mapper event daemon FIFOs.
[    6.658782] systemd[1]: Listening on Syslog Socket.
[[0;32m  OK  [0m] Listening on Syslog Socket.
[    6.661804] systemd[1]: Listening on LVM2 metadata daemon socket.
[[0;32m  OK  [0m] Listening on LVM2 metadata daemon socket.
[    6.664958] systemd[1]: Created slice System Slice.
[[0;32m  OK  [0m] Created slice System Slice.
[    6.682887] systemd[1]: Mounting Debug File System...
         Mounting Debug File System...
[    6.687682] systemd[1]: Mounting Huge Pages File System...
         Mounting Huge Pages File System...
[    6.694080] systemd[1]: Starting Journal Service...
         Starting Journal Service...
[    6.702148] systemd[1]: Starting Monitoring of LVM2 mirrors, snapshots etc. using dmeventd or progress polling...
         Starting Monitoring of LVM2 mirrors... dmeventd or progress polling...
[    6.716047] systemd[1]: Starting Remount Root and Kernel File Systems...
         Starting Remount Root and Kernel File Systems...
[    6.733510] systemd[1]: Starting Load Kernel Modules...
         Starting Load Kernel Modules...
[    6.740352] EXT4-fs (sda1): re-mounted. Opts: (null)
[    6.747635] systemd[1]: Starting Create list of required static device nodes for the current kernel...
         Starting Create list of required st... nodes for the current kernel...
[    6.756600] systemd[1]: Starting Uncomplicated firewall...
[    6.757544] Loading iSCSI transport class v2.0-870.
         Starting Uncomplicated firewall...
[    6.762678] systemd[1]: Listening on LVM2 poll daemon socket.
[[0;32m  OK  [0m] Listening on LVM2 poll daemon socket.
[    6.766363] systemd[1]: Starting Nameserver information manager...
         Starting Nameserver information manager...
[    6.771367] systemd[1]: Set up automount Arbitrary Executable File Formats File System Automount Point.
[[0;32m  OK  [0m] Set up automount Arbitrary Executab...ats File System Automount Point.
[    6.775762] systemd[1]: Reached target System Time Synchronized.
[[0;32m  OK  [0m] Reached target System Time Synchronized.
[    6.779162] systemd[1]: Mounting POSIX Message Queue File System...
         Mounting POSIX Message Queue File System...
[    6.782572] systemd[1]: Created slice system-serial\x2dgetty.slice.
[    6.784493] iscsi: registered transport (tcp)
[[0;32m  OK  [0m] Created slice system-serial\x2dgetty.slice.
[    6.811032] systemd[1]: Starting Set console keymap...
         Starting Set console keymap...
[    6.815764] systemd[1]: Created slice User and Session Slice.
[[0;32m  OK  [0m] Created slice User and Session Slice.
[    6.822461] systemd[1]: Reached target Slices.
[[0;32m  OK  [0m] Reached target Slices.
[    6.833531] systemd[1]: Mounted POSIX Message Queue File System.
[[0;32m  OK  [0m] Mounted POSIX Message Queue File System.
[    6.838138] systemd[1]: Mounted Debug File System.
[[0;32m  OK  [0m] Mounted Debug File System.
[    6.841759] systemd[1]: Mounted Huge Pages File System.
[[0;32m  OK  [0m] Mounted Huge Pages File System.
[    6.850793] systemd[1]: Started Journal Service.
[[0;32m  OK  [0m] Started Journal Service.
[[0;32m  OK  [0m] Started Remount Root and Kernel File Systems.
[[0;32m  OK  [0m] Started Create list of required sta...ce nodes for the current kernel.
[[0;32m  OK  [0m] Started Uncomplicated firewall.
[    6.879687] iscsi: registered transport (iser)
[[0;32m  OK  [0m] Started Nameserver information manager.
[[0;32m  OK  [0m] Started Load Kernel Modules.
[[0;32m  OK  [0m] Started Set console keymap.
[[0;32m  OK  [0m] Started LVM2 metadata daemon.
         Mounting FUSE Control File System...
         Starting Apply Kernel Variables...
         Starting Create Static Device Nodes in /dev...
         Starting Load/Save Random Seed...
         Starting udev Coldplug all Devices...
         Starting Flush Journal to Persistent Storage...
[[0;32m  OK  [0m] Mounted FUSE Control File System.
[[0;32m  OK  [0m] Started Load/Save Random Seed.
[[0;32m  OK  [0m] Started Apply Kernel Variables.
[[0;32m  OK  [0m] Started Create Static Device Nodes in /dev.
[[0;32m  OK  [0m] Started udev Coldplug all Devices.
[[0;32m  OK  [0m] Started Flush Journal to Persistent Storage.
         Starting udev Kernel Device Manager...
[[0;32m  OK  [0m] Started Monitoring of LVM2 mirrors,...ng dmeventd or progress polling.
[[0;32m  OK  [0m] Reached target Local File Systems (Pre).
[[0;32m  OK  [0m] Reached target Local File Systems.
         Starting LSB: AppArmor initialization...
         Starting Create Volatile Files and Directories...
         Starting Set console font and keymap...
         Starting Tell Plymouth To Write Out Runtime Data...
         Starting Initial cloud-init job (pre-networking)...
[[0;32m  OK  [0m] Started Tell Plymouth To Write Out Runtime Data.
[[0;32m  OK  [0m] Started udev Kernel Device Manager.
[[0;32m  OK  [0m] Started Create Volatile Files and Directories.
         Starting Update UTMP about System Boot/Shutdown...
[[0;32m  OK  [0m] Started Dispatch Password Requests to Console Directory Watch.
[[0;32m  OK  [0m] Started Update UTMP about System Boot/Shutdown.
[[0;32m  OK  [0m] Started LSB: AppArmor initialization.
[[0;32m  OK  [0m] Found device /dev/ttyS0.
[[0;32m  OK  [0m] Listening on Load/Save RF Kill Switch Status /dev/rfkill Watch.
[[0;32m  OK  [0m] Found device 82540EM Gigabit Ethern...r (PRO/1000 MT Desktop Adapter).
[[0;32m  OK  [0m] Found device 82540EM Gigabit Ethern...r (PRO/1000 MT Desktop Adapter).
[    8.739988] cloud-init[488]: Cloud-init v. 19.2-36-g059d049c-0ubuntu2~16.04.1 running 'init-local' at Tue, 15 Oct 2019 16:05:00 +0000. Up 8.22 seconds.
[[0;32m  OK  [0m] Started Initial cloud-init job (pre-networking).
[[0;32m  OK  [0m] Started Set console font and keymap.
[[0;32m  OK  [0m] Created slice system-getty.slice.
[[0;32m  OK  [0m] Reached target Network (Pre).
         Starting Raise network interfaces...
[[0;32m  OK  [0m] Started ifup for enp0s8.
[[0;32m  OK  [0m] Started ifup for enp0s3.
[[0;32m  OK  [0m] Started Raise network interfaces.
[[0;32m  OK  [0m] Reached target Network.
         Starting Initial cloud-init job (metadata service crawler)...
[   10.684485] cloud-init[1094]: Cloud-init v. 19.2-36-g059d049c-0ubuntu2~16.04.1 running 'init' at Tue, 15 Oct 2019 16:05:02 +0000. Up 10.12 seconds.
[   10.687849] cloud-init[1094]: ci-info: ++++++++++++++++++++++++++++++++++++++Net device info+++++++++++++++++++++++++++++++++++++++
[   10.689878] cloud-init[1094]: ci-info: +--------+------+-----------------------------+---------------+--------+-------------------+
[   10.693365] cloud-init[1094]: ci-info: | Device |  Up  |           Address           |      Mask     | Scope  |     Hw-Address    |
[   10.700747] cloud-init[1094]: ci-info: +--------+------+-----------------------------+---------------+--------+-------------------+
[   10.703457] cloud-init[1094]: ci-info: | enp0s3 | True |          10.0.2.15          | 255.255.255.0 | global | 02:0e:9b:2d:5b:92 |
[   10.712685] cloud-init[1094]: ci-info: | enp0s3 | True |  fe80::e:9bff:fe2d:5b92/64  |       .       |  link  | 02:0e:9b:2d:5b:92 |
[   10.714878] cloud-init[1094]: ci-info: | enp0s8 | True |        192.168.10.150       | 255.255.255.0 | global | 08:00:27:d8:a7:73 |
[   10.718776] cloud-init[1094]: ci-info: | enp0s8 | True | fe80::a00:27ff:fed8:a773/64 |       .       |  link  | 08:00:27:d8:a7:73 |
[   10.722579] cloud-init[1094]: ci-info: |   lo   | True |          127.0.0.1          |   255.0.0.0   |  host  |         .         |
[   10.732488] cloud-init[1094]: ci-info: |   lo   | True |           ::1/128           |       .       |  host  |         .         |
[   10.735461] cloud-init[1094]: ci-info: +--------+------+-----------------------------+---------------+--------+-------------------+
[   10.744529] cloud-init[1094]: ci-info: ++++++++++++++++++++++++++++Route IPv4 info++++++++++++++++++++++++++++
[   10.746777] cloud-init[1094]: ci-info: +-------+--------------+----------+---------------+-----------+-------+
[   10.748977] cloud-init[1094]: ci-info: | Route | Destination  | Gateway  |    Genmask    | Interface | Flags |
[   10.750775] cloud-init[1094]: ci-info: +-------+--------------+----------+---------------+-----------+-------+
[   10.753048] cloud-init[1094]: ci-info: |   0   |   0.0.0.0    | 10.0.2.2 |    0.0.0.0    |   enp0s3  |   UG  |
[   10.754758] cloud-init[1094]: ci-info: |   1   |   10.0.2.0   | 0.0.0.0  | 255.255.255.0 |   enp0s3  |   U   |
[   10.756547] cloud-init[1094]: ci-info: |   2   | 192.168.10.0 | 0.0.0.0  | 255.255.255.0 |   enp0s8  |   U   |
[   10.761115] cloud-init[1094]: ci-info: +-------+--------------+----------+---------------+-----------+-------+
[   10.764523] cloud-init[1094]: ci-info: +++++++++++++++++++Route IPv6 info+++++++++++++++++++
[   10.766403] cloud-init[1094]: ci-info: +-------+-------------+---------+-----------+-------+
[   10.768202] cloud-init[1094]: ci-info: | Route | Destination | Gateway | Interface | Flags |
[   10.777133] cloud-init[1094]: ci-info: +-------+-------------+---------+-----------+-------+
[   10.784703] cloud-init[1094]: ci-info: |   0   |  fe80::/64  |    ::   |   enp0s8  |   U   |
[   10.786556] cloud-init[1094]: ci-info: |   1   |  fe80::/64  |    ::   |   enp0s3  |   U   |
[   10.793592] cloud-init[1094]: ci-info: |   4   |   ff00::/8  |    ::   |   enp0s8  |   U   |
[   10.800741] cloud-init[1094]: ci-info: |   5   |   ff00::/8  |    ::   |   enp0s3  |   U   |
[   10.801086] cloud-init[1094]: ci-info: +-------+-------------+---------+-----------+-------+
[[0;32m  OK  [0m] Started Initial cloud-init job (metadata service crawler).
[[0;32m  OK  [0m] Reached target Cloud-config availability.
[[0;32m  OK  [0m] Reached target System Initialization.
[[0;32m  OK  [0m] Started ACPI Events Check.
[[0;32m  OK  [0m] Reached target Paths.
         Starting LXD - unix socket.
[[0;32m  OK  [0m] Started Message of the Day.
[[0;32m  OK  [0m] Listening on UUID daemon activation socket.
[[0;32m  OK  [0m] Listening on ACPID Listen Socket.
[[0;32m  OK  [0m] Started Daily Cleanup of Temporary Directories.
[[0;32m  OK  [0m] Listening on D-Bus System Message Bus Socket.
[[0;32m  OK  [0m] Started Daily apt download activities.
[[0;32m  OK  [0m] Started Daily apt upgrade and clean activities.
[[0;32m  OK  [0m] Reached target Timers.
         Starting Socket activation for snappy daemon.
[[0;32m  OK  [0m] Reached target Network is Online.
         Starting iSCSI initiator daemon (iscsid)...
[[0;32m  OK  [0m] Listening on LXD - unix socket.
[[0;32m  OK  [0m] Listening on Socket activation for snappy daemon.
[[0;32m  OK  [0m] Reached target Sockets.
[[0;32m  OK  [0m] Reached target Basic System.
[[0;32m  OK  [0m] Started Regular background program processing daemon.
[[0;32m  OK  [0m] Started Deferred execution scheduler.
         Starting Accounts Service...
         Starting LSB: MD monitoring daemon...
         Starting Login Service...
[[0;32m  OK  [0m] Started High-performance, schema-free document-oriented database.
         Starting Virtualbox guest utils...
         Starting OpenBSD Secure Shell server...
[[0;32m  OK  [0m] Started FUSE filesystem for LXC.
         Starting Snappy daemon...
         Starting LSB: Record successful boot for GRUB...
[[0;32m  OK  [0m] Started ACPI event daemon.
         Starting System Logging Service...
         Starting /etc/rc.local Compatibility...
[[0;32m  OK  [0m] Started D-Bus System Message Bus.
         Starting LXD - container startup/shutdown...
[[0;32m  OK  [0m] Started System Logging Service.
[[0;32m  OK  [0m] Started /etc/rc.local Compatibility.
[[0;32m  OK  [0m] Started iSCSI initiator daemon (iscsid).
[[0;32m  OK  [0m] Started OpenBSD Secure Shell server.
[[0;32m  OK  [0m] Started LSB: MD monitoring daemon.
[[0;32m  OK  [0m] Started Login Service.
[[0;32m  OK  [0m] Started Unattended Upgrades Shutdown.
         Starting Authenticate and Authorize Users to Run Privileged Tasks...
         Starting Login to default iSCSI targets...
[[0;32m  OK  [0m] Started LSB: Record successful boot for GRUB.
[[0;32m  OK  [0m] Started LXD - container startup/shutdown.
[[0;32m  OK  [0m] Started Authenticate and Authorize Users to Run Privileged Tasks.
[[0;32m  OK  [0m] Started Accounts Service.
[[0;32m  OK  [0m] Started Login to default iSCSI targets.
[[0;32m  OK  [0m] Reached target Remote File Systems (Pre).
[[0;32m  OK  [0m] Reached target Remote File Systems.
         Starting Permit User Sessions...
         Starting LSB: automatic crash report generation...
         Starting LSB: daemon to balance interrupts for SMP systems...
         Starting LSB: Set the CPU Frequency Scaling governor to "ondemand"...
[[0;32m  OK  [0m] Started Permit User Sessions.
[[0;32m  OK  [0m] Started Virtualbox guest utils.
         Starting Hold until boot process finishes up...
         Starting Terminate Plymouth Boot Screen...
[[0;32m  OK  [0m] Started LSB: Set the CPU Frequency Scaling governor to "ondemand".
[[0;32m  OK  [0m] Started Hold until boot process finishes up.
[[0;32m  OK  [0m] Started Terminate Plymouth Boot Screen.
[[0;32m  OK  [0m] Started LSB: automatic crash report generation.
[[0;32m  OK  [0m] Started LSB: daemon to balance interrupts for SMP systems.
         Starting Set console scheme...
[[0;32m  OK  [0m] Started Getty on tty1.
[[0;32m  OK  [0m] Started Serial Getty on ttyS0.
[[0;32m  OK  [0m] Reached target Login Prompts.
[[0;32m  OK  [0m] Started Snappy daemon.
[[0;32m  OK  [0m] Started Set console scheme.
         Starting Wait until snapd is fully seeded...
[[0;32m  OK  [0m] Started Wait until snapd is fully seeded.
[[0;32m  OK  [0m] Reached target Multi-User System.
[[0;32m  OK  [0m] Reached target Graphical Interface.
         Starting Update UTMP about System Runlevel Changes...
         Starting Apply the settings specified in cloud-config...
[[0;32m  OK  [0m] Started Update UTMP about System Runlevel Changes.
[[0;32m  OK  [0m] Created slice User Slice of vagrant.
         Starting User Manager for UID 1000...
[[0;32m  OK  [0m] Started Session 1 of user vagrant.
[[0;32m  OK  [0m] Started User Manager for UID 1000.
[   12.881836] cloud-init[1366]: Cloud-init v. 19.2-36-g059d049c-0ubuntu2~16.04.1 running 'modules:config' at Tue, 15 Oct 2019 16:05:04 +0000. Up 12.65 seconds.
[[0;32m  OK  [0m] Started Apply the settings specified in cloud-config.
         Starting Execute cloud user/final scripts...
[   14.003696] cloud-init[1457]: Cloud-init v. 19.2-36-g059d049c-0ubuntu2~16.04.1 running 'modules:final' at Tue, 15 Oct 2019 16:05:06 +0000. Up 13.71 seconds.
[   14.007745] cloud-init[1457]: Cloud-init v. 19.2-36-g059d049c-0ubuntu2~16.04.1 finished at Tue, 15 Oct 2019 16:05:06 +0000. Datasource DataSourceNoCloud [seed=/dev/sdb][dsmode=net].  Up 13.99 seconds
[[0;32m  OK  [0m] Started Execute cloud user/final scripts.
[[0;32m  OK  [0m] Reached target Cloud-init target.

Ubuntu 16.04.6 LTS ubuntu-xenial ttyS0

ubuntu-xenial login: 